<?xml version="1.0" encoding="UTF-8"?>
<!-- Generated by org.testng.reporters.JUnitXMLReporter -->
<testsuite ignored="0" hostname="DESKTOP-RO8II0V" failures="0" tests="3" name="Default test" time="30.362" errors="0" timestamp="2025-01-31T15:07:09 IST">
  <testcase classname="com.cgi.test.LoginUITest" name="headerTest" time="0.651"/>
  <testcase classname="com.cgi.test.LoginUITest" name="placeholderTest" time="0.785"/>
  <testcase classname="com.cgi.test.LoginUITest" name="titleTest" time="0.028"/>
</testsuite> <!-- Default test -->
