<?xml version="1.0" encoding="UTF-8"?>
<!-- Generated by org.testng.reporters.JUnitXMLReporter -->
<testsuite ignored="1" hostname="DESKTOP-RO8II0V" failures="0" tests="2" name="Default test" time="26.91" errors="0" timestamp="2025-01-30T17:27:01 IST">
  <testcase classname="com.cgi.test.LoginTest" name="invalidLoginTest" time="2.214"/>
  <testcase classname="com.cgi.test.LoginTest" name="invalidLoginTest" time="2.335"/>
  <testcase classname="com.cgi.test.LoginTest" name="validLoginTest" time="0.0">
    <ignored/>
  </testcase> <!-- validLoginTest -->
</testsuite> <!-- Default test -->
