<?xml version="1.0" encoding="UTF-8"?>
<testng-results ignored="0" total="2" passed="2" failed="0" skipped="0">
  <reporter-output>
  </reporter-output>
  <suite started-at="2025-01-31T14:52:10 IST" name="Default suite" finished-at="2025-01-31T14:52:32 IST" duration-ms="21849">
    <groups>
    </groups>
    <test started-at="2025-01-31T14:52:10 IST" name="Default test" finished-at="2025-01-31T14:52:32 IST" duration-ms="21849">
      <class name="com.cgi.test.EmployeeTest">
        <test-method signature="addValidEmployeeTest(java.lang.String,java.lang.String,java.lang.String,java.lang.String,java.lang.String,java.lang.String)[pri:0, instance:com.cgi.test.EmployeeTest@7bba5817]" started-at="2025-01-31T14:52:23 IST" name="addValidEmployeeTest" data-provider="commonDataProvider" finished-at="2025-01-31T14:52:29 IST" duration-ms="6253" status="PASS">
          <params>
            <param index="0">
              <value>
                <![CDATA[Admin]]>
              </value>
            </param>
            <param index="1">
              <value>
                <![CDATA[admin123]]>
              </value>
            </param>
            <param index="2">
              <value>
                <![CDATA[jack]]>
              </value>
            </param>
            <param index="3">
              <value>
                <![CDATA[j]]>
              </value>
            </param>
            <param index="4">
              <value>
                <![CDATA[wick]]>
              </value>
            </param>
            <param index="5">
              <value>
                <![CDATA[jack wick]]>
              </value>
            </param>
          </params>
          <reporter-output>
          </reporter-output>
        </test-method> <!-- addValidEmployeeTest -->
        <test-method signature="addValidEmployeeTest(java.lang.String,java.lang.String,java.lang.String,java.lang.String,java.lang.String,java.lang.String)[pri:0, instance:com.cgi.test.EmployeeTest@7bba5817]" started-at="2025-01-31T14:52:29 IST" name="addValidEmployeeTest" data-provider="commonDataProvider" finished-at="2025-01-31T14:52:32 IST" duration-ms="2921" status="PASS">
          <params>
            <param index="0">
              <value>
                <![CDATA[Admin]]>
              </value>
            </param>
            <param index="1">
              <value>
                <![CDATA[admin123]]>
              </value>
            </param>
            <param index="2">
              <value>
                <![CDATA[jack2]]>
              </value>
            </param>
            <param index="3">
              <value>
                <![CDATA[j2]]>
              </value>
            </param>
            <param index="4">
              <value>
                <![CDATA[wick2]]>
              </value>
            </param>
            <param index="5">
              <value>
                <![CDATA[jack2 wick2]]>
              </value>
            </param>
          </params>
          <reporter-output>
          </reporter-output>
        </test-method> <!-- addValidEmployeeTest -->
      </class> <!-- com.cgi.test.EmployeeTest -->
    </test> <!-- Default test -->
  </suite> <!-- Default suite -->
</testng-results>
