<?xml version="1.0" encoding="UTF-8"?>
<testng-results ignored="0" total="2" passed="2" failed="0" skipped="0">
  <reporter-output>
  </reporter-output>
  <suite started-at="2025-01-31T15:20:32 IST" name="Orange HRM Suite" finished-at="2025-01-31T15:21:08 IST" duration-ms="36017">
    <groups>
      <group name="ui">
        <method signature="LoginUITest.titleTest()[pri:0, instance:com.cgi.test.LoginUITest@3e694b3f]" name="titleTest" class="com.cgi.test.LoginUITest"/>
      </group> <!-- ui -->
      <group name="smoke">
        <method signature="LoginTest.validLoginTest(java.lang.String,java.lang.String,java.lang.String)[pri:0, instance:com.cgi.test.LoginTest@22ff4249]" name="validLoginTest" class="com.cgi.test.LoginTest"/>
        <method signature="LoginUITest.titleTest()[pri:0, instance:com.cgi.test.LoginUITest@3e694b3f]" name="titleTest" class="com.cgi.test.LoginUITest"/>
      </group> <!-- smoke -->
      <group name="login">
        <method signature="LoginTest.validLoginTest(java.lang.String,java.lang.String,java.lang.String)[pri:0, instance:com.cgi.test.LoginTest@22ff4249]" name="validLoginTest" class="com.cgi.test.LoginTest"/>
      </group> <!-- login -->
    </groups>
    <test started-at="2025-01-31T15:20:32 IST" name="Login Test Edge" finished-at="2025-01-31T15:21:08 IST" duration-ms="36017">
      <class name="com.cgi.test.LoginTest">
        <test-method is-config="true" signature="setup(java.lang.String)[pri:0, instance:com.cgi.test.LoginTest@22ff4249]" started-at="2025-01-31T15:20:48 IST" name="setup" finished-at="2025-01-31T15:20:56 IST" duration-ms="7877" status="PASS">
          <params>
            <param index="0">
              <value>
                <![CDATA[edge]]>
              </value>
            </param>
          </params>
          <reporter-output>
          </reporter-output>
        </test-method> <!-- setup -->
        <test-method signature="validLoginTest(java.lang.String,java.lang.String,java.lang.String)[pri:0, instance:com.cgi.test.LoginTest@22ff4249]" started-at="2025-01-31T15:20:56 IST" name="validLoginTest" data-provider="commonDataProvider" finished-at="2025-01-31T15:21:06 IST" duration-ms="10262" status="PASS">
          <params>
            <param index="0">
              <value>
                <![CDATA[Admin]]>
              </value>
            </param>
            <param index="1">
              <value>
                <![CDATA[admin123]]>
              </value>
            </param>
            <param index="2">
              <value>
                <![CDATA[Quick Launch]]>
              </value>
            </param>
          </params>
          <reporter-output>
          </reporter-output>
        </test-method> <!-- validLoginTest -->
        <test-method is-config="true" signature="teardown()[pri:0, instance:com.cgi.test.LoginTest@22ff4249]" started-at="2025-01-31T15:21:06 IST" name="teardown" finished-at="2025-01-31T15:21:08 IST" duration-ms="1837" status="PASS">
          <reporter-output>
          </reporter-output>
        </test-method> <!-- teardown -->
      </class> <!-- com.cgi.test.LoginTest -->
      <class name="com.cgi.test.LoginUITest">
        <test-method is-config="true" signature="setup(java.lang.String)[pri:0, instance:com.cgi.test.LoginUITest@3e694b3f]" started-at="2025-01-31T15:20:32 IST" name="setup" finished-at="2025-01-31T15:20:45 IST" duration-ms="13173" status="PASS">
          <params>
            <param index="0">
              <value>
                <![CDATA[edge]]>
              </value>
            </param>
          </params>
          <reporter-output>
          </reporter-output>
        </test-method> <!-- setup -->
        <test-method signature="titleTest()[pri:0, instance:com.cgi.test.LoginUITest@3e694b3f]" started-at="2025-01-31T15:20:45 IST" name="titleTest" finished-at="2025-01-31T15:20:45 IST" duration-ms="45" status="PASS">
          <reporter-output>
          </reporter-output>
        </test-method> <!-- titleTest -->
        <test-method is-config="true" signature="teardown()[pri:0, instance:com.cgi.test.LoginUITest@3e694b3f]" started-at="2025-01-31T15:20:45 IST" name="teardown" finished-at="2025-01-31T15:20:47 IST" duration-ms="1482" status="PASS">
          <reporter-output>
          </reporter-output>
        </test-method> <!-- teardown -->
      </class> <!-- com.cgi.test.LoginUITest -->
    </test> <!-- Login Test Edge -->
  </suite> <!-- Orange HRM Suite -->
</testng-results>
