<?xml version="1.0" encoding="UTF-8"?>
<!-- Generated by org.testng.reporters.JUnitReportReporter -->
<testsuite hostname="DESKTOP-RO8II0V" failures="0" tests="2" name="com.cgi.test.EmployeeTest" time="9.174" errors="0" timestamp="2025-01-31T14:52:32 IST" skipped="0">
  <testcase classname="com.cgi.test.EmployeeTest" name="addValidEmployeeTest" time="2.921"/>
  <testcase classname="com.cgi.test.EmployeeTest" name="addValidEmployeeTest" time="6.253"/>
</testsuite> <!-- com.cgi.test.EmployeeTest -->
