<?xml version="1.0" encoding="UTF-8"?>
<!-- Generated by org.testng.reporters.JUnitXMLReporter -->
<testsuite ignored="0" hostname="DESKTOP-RO8II0V" failures="0" tests="3" name="Login Test" time="29.87" errors="0" timestamp="2025-01-31T15:08:52 IST">
  <testcase classname="com.cgi.test.LoginUITest" name="headerTest" time="0.633"/>
  <testcase classname="com.cgi.test.LoginUITest" name="placeholderTest" time="1.714"/>
  <testcase classname="com.cgi.test.LoginUITest" name="titleTest" time="0.029"/>
</testsuite> <!-- Login Test -->
