<?xml version="1.0" encoding="UTF-8"?>
<!-- Generated by org.testng.reporters.JUnitXMLReporter -->
<testsuite ignored="4" hostname="DESKTOP-RO8II0V" failures="0" tests="2" name="Login Test Edge" time="36.017" errors="0" timestamp="2025-01-31T15:21:08 IST">
  <testcase classname="com.cgi.test.LoginUITest" name="titleTest" time="0.045"/>
  <testcase classname="com.cgi.test.LoginTest" name="validLoginTest" time="10.262"/>
  <testcase classname="com.cgi.test.LoginUITest" name="placeholderTest" time="0.0">
    <ignored/>
  </testcase> <!-- placeholderTest -->
  <testcase classname="com.cgi.test.LoginTest" name="invalidLoginTest" time="0.0">
    <ignored/>
  </testcase> <!-- invalidLoginTest -->
  <testcase classname="com.cgi.test.EmployeeTest" name="addValidEmployeeTest" time="0.0">
    <ignored/>
  </testcase> <!-- addValidEmployeeTest -->
  <testcase classname="com.cgi.test.LoginUITest" name="headerTest" time="0.0">
    <ignored/>
  </testcase> <!-- headerTest -->
</testsuite> <!-- Login Test Edge -->
